<?xml version="1.0" encoding="utf-8" ?>
<!DOCTYPE html PUBLIC "-//W3C//DTD XHTML 1.0 Strict//EN"
        "http://www.w3.org/TR/xhtml1/DTD/xhtml1-strict.dtd">
<html xmlns="http://www.w3.org/1999/xhtml" xml:lang="" lang="">
<head>
  <title>Test Results Report - LoginPage Test</title>
  <meta http-equiv="Content-Type" content="text/html;charset=utf-8" />
  <meta name="description" content="TestNG unit test results." />
  <link href="reportng.css" rel="stylesheet" type="text/css" />
    <script type="text/javascript" src="reportng.js"></script>
</head>
<body>
<h1>LoginPage Test</h1>
<p>
  Test duration: 157.063s
</p>



  <table class="resultsTable">
    <tr><th colspan="3" class="header failed">Failed Tests</th></tr>
          <tr>
        <td colspan="3" class="group">com.tricentis.demowebshop.testsuite.ComputerPageTest</td>
      </tr>
            
<tr>
  <td class="method">
                  verifyThatUserShouldBuildYouOwnComputerAndAddThemToCartSuccessfully
      </td>
  <td class="duration">
    0.000s
  </td>
  <td class="result">
        
    
        

        <a href="javascript:toggleElement('exception-0', 'block')" title="Click to expand/collapse"><b>org.testng.TestNGException: <br/>
Method public void com.tricentis.demowebshop.testsuite.ComputerPageTest.verifyThatUserShouldBuildYouOwnComputerAndAddThemToCartSuccessfully(java.lang.String,java.lang.String,java.lang.String,java.lang.String,java.lang.String) requires a @DataProvider named : computerData in class resources.testdata.TestData</b></a><br />
    <div class="stackTrace" id="exception-0">
              org.testng.internal.Parameters.findDataProvider(Parameters.java:532)<br />
              org.testng.internal.Parameters.handleParameters(Parameters.java:769)<br />
              org.testng.internal.Parameters.handleParameters(Parameters.java:734)<br />
              org.testng.internal.invokers.ParameterHandler.handleParameters(ParameterHandler.java:72)<br />
              org.testng.internal.invokers.ParameterHandler.createParameters(ParameterHandler.java:51)<br />
              org.testng.internal.invokers.TestInvoker$MethodInvocationAgent.invoke(TestInvoker.java:946)<br />
              org.testng.internal.invokers.TestInvoker.invokeTestMethods(TestInvoker.java:203)<br />
              org.testng.internal.invokers.TestMethodWorker.invokeTestMethods(TestMethodWorker.java:154)<br />
              org.testng.internal.invokers.TestMethodWorker.run(TestMethodWorker.java:134)<br />
              java.base/java.util.ArrayList.forEach(ArrayList.java:1511)<br />
              org.testng.TestRunner.privateRun(TestRunner.java:739)<br />
              org.testng.TestRunner.run(TestRunner.java:614)<br />
              org.testng.SuiteRunner.runTest(SuiteRunner.java:421)<br />
              org.testng.SuiteRunner.runSequentially(SuiteRunner.java:413)<br />
              org.testng.SuiteRunner.privateRun(SuiteRunner.java:373)<br />
              org.testng.SuiteRunner.run(SuiteRunner.java:312)<br />
              org.testng.SuiteRunnerWorker.runSuite(SuiteRunnerWorker.java:52)<br />
              org.testng.SuiteRunnerWorker.run(SuiteRunnerWorker.java:95)<br />
              org.testng.TestNG.runSuitesSequentially(TestNG.java:1274)<br />
              org.testng.TestNG.runSuitesLocally(TestNG.java:1208)<br />
              org.testng.TestNG.runSuites(TestNG.java:1112)<br />
              org.testng.TestNG.run(TestNG.java:1079)<br />
              com.intellij.rt.testng.IDEARemoteTestNG.run(IDEARemoteTestNG.java:65)<br />
              com.intellij.rt.testng.RemoteTestNGStarter.main(RemoteTestNGStarter.java:105)<br />
                </div>
      </td>
</tr>
          <tr>
        <td colspan="3" class="group">com.tricentis.demowebshop.testsuite.LoginPageTest</td>
      </tr>
            
<tr>
  <td class="method">
                  VerifyThatUserShouldLogOutSuccessFully
      </td>
  <td class="duration">
    64.125s
  </td>
  <td class="result">
        
    
            <div class="testOutput">
                        Get [[ChromeDriver: chrome on windows (3afa6db75d3a6e47ccbde8374b209d0d)] -&gt; xpath: //a[normalize-space()=&apos;Log in&apos;]]<br />
                                get [[ChromeDriver: chrome on windows (3afa6db75d3a6e47ccbde8374b209d0d)] -&gt; xpath: //a[normalize-space()=&apos;Log out&apos;]]<br />
                                get Proxy element for: DefaultElementLocator &apos;By.xpath: //a[normalize-space()=&apos;Log in&apos;]&apos;<br />
                  </div>
    

        <a href="javascript:toggleElement('exception-1', 'block')" title="Click to expand/collapse"><b>org.openqa.selenium.NoSuchElementException: no such element: Unable to locate element: {&quot;method&quot;:&quot;xpath&quot;,&quot;selector&quot;:&quot;//a[normalize-space()=&apos;Log in&apos;]&quot;}<br/>
&nbsp; (Session info: chrome=131.0.6778.109)<br/>
For documentation on this error, please visit: https://www.selenium.dev/documentation/webdriver/troubleshooting/errors#no-such-element-exception<br/>
Build info: version: &apos;4.26.0&apos;, revision: &apos;8ccf0219d7&apos;<br/>
System info: os.name: &apos;Windows 11&apos;, os.arch: &apos;amd64&apos;, os.version: &apos;10.0&apos;, java.version: &apos;17.0.8&apos;<br/>
Driver info: org.openqa.selenium.chrome.ChromeDriver<br/>
Command: [3afa6db75d3a6e47ccbde8374b209d0d, findElement {using=xpath, value=//a[normalize-space()=&apos;Log in&apos;]}]<br/>
Capabilities {acceptInsecureCerts: false, browserName: chrome, browserVersion: 131.0.6778.109, chrome: {chromedriverVersion: 131.0.6778.108 (3b014839fbc..., userDataDir: C:\Users\pinal\AppData\Loca...}, fedcm:accounts: true, goog:chromeOptions: {debuggerAddress: localhost:61941}, networkConnectionEnabled: false, pageLoadStrategy: normal, platformName: windows, proxy: Proxy(), se:cdp: ws://localhost:61941/devtoo..., se:cdpVersion: 131.0.6778.109, setWindowRect: true, strictFileInteractability: false, timeouts: {implicit: 0, pageLoad: 300000, script: 30000}, unhandledPromptBehavior: dismiss and notify, webauthn:extension:credBlob: true, webauthn:extension:largeBlob: true, webauthn:extension:minPinLength: true, webauthn:extension:prf: true, webauthn:virtualAuthenticators: true}<br/>
Session ID: 3afa6db75d3a6e47ccbde8374b209d0d</b></a><br />
    <div class="stackTrace" id="exception-1">
              java.base/jdk.internal.reflect.NativeConstructorAccessorImpl.newInstance0(Native Method)<br />
              java.base/jdk.internal.reflect.NativeConstructorAccessorImpl.newInstance(NativeConstructorAccessorImpl.java:77)<br />
              java.base/jdk.internal.reflect.DelegatingConstructorAccessorImpl.newInstance(DelegatingConstructorAccessorImpl.java:45)<br />
              java.base/java.lang.reflect.Constructor.newInstanceWithCaller(Constructor.java:499)<br />
              java.base/java.lang.reflect.Constructor.newInstance(Constructor.java:480)<br />
              org.openqa.selenium.remote.ErrorCodec.decode(ErrorCodec.java:167)<br />
              org.openqa.selenium.remote.codec.w3c.W3CHttpResponseCodec.decode(W3CHttpResponseCodec.java:138)<br />
              org.openqa.selenium.remote.codec.w3c.W3CHttpResponseCodec.decode(W3CHttpResponseCodec.java:50)<br />
              org.openqa.selenium.remote.HttpCommandExecutor.execute(HttpCommandExecutor.java:190)<br />
              org.openqa.selenium.remote.service.DriverCommandExecutor.invokeExecute(DriverCommandExecutor.java:216)<br />
              org.openqa.selenium.remote.service.DriverCommandExecutor.execute(DriverCommandExecutor.java:174)<br />
              org.openqa.selenium.remote.RemoteWebDriver.execute(RemoteWebDriver.java:545)<br />
              org.openqa.selenium.remote.ElementLocation$ElementFinder$2.findElement(ElementLocation.java:165)<br />
              org.openqa.selenium.remote.ElementLocation.findElement(ElementLocation.java:59)<br />
              org.openqa.selenium.remote.RemoteWebDriver.findElement(RemoteWebDriver.java:368)<br />
              org.openqa.selenium.remote.RemoteWebDriver.findElement(RemoteWebDriver.java:362)<br />
              org.openqa.selenium.support.pagefactory.DefaultElementLocator.findElement(DefaultElementLocator.java:68)<br />
              org.openqa.selenium.support.pagefactory.internal.LocatingElementHandler.invoke(LocatingElementHandler.java:38)<br />
              jdk.proxy2/jdk.proxy2.$Proxy16.getText(Unknown Source)<br />
              com.tricentis.demowebshop.utility.Utility.getTextFromElement(Utility.java:62)<br />
              com.tricentis.demowebshop.pages.HomePage.getLoginText(HomePage.java:40)<br />
              com.tricentis.demowebshop.testsuite.LoginPageTest.VerifyThatUserShouldLogOutSuccessFully(LoginPageTest.java:121)<br />
              java.base/jdk.internal.reflect.NativeMethodAccessorImpl.invoke0(Native Method)<br />
              java.base/jdk.internal.reflect.NativeMethodAccessorImpl.invoke(NativeMethodAccessorImpl.java:77)<br />
              java.base/jdk.internal.reflect.DelegatingMethodAccessorImpl.invoke(DelegatingMethodAccessorImpl.java:43)<br />
              java.base/java.lang.reflect.Method.invoke(Method.java:568)<br />
              org.testng.internal.invokers.MethodInvocationHelper.invokeMethod(MethodInvocationHelper.java:141)<br />
              org.testng.internal.invokers.TestInvoker.invokeMethod(TestInvoker.java:686)<br />
              org.testng.internal.invokers.TestInvoker.invokeTestMethod(TestInvoker.java:230)<br />
              org.testng.internal.invokers.MethodRunner.runInSequence(MethodRunner.java:63)<br />
              org.testng.internal.invokers.TestInvoker$MethodInvocationAgent.invoke(TestInvoker.java:992)<br />
              org.testng.internal.invokers.TestInvoker.invokeTestMethods(TestInvoker.java:203)<br />
              org.testng.internal.invokers.TestMethodWorker.invokeTestMethods(TestMethodWorker.java:154)<br />
              org.testng.internal.invokers.TestMethodWorker.run(TestMethodWorker.java:134)<br />
              java.base/java.util.ArrayList.forEach(ArrayList.java:1511)<br />
              org.testng.TestRunner.privateRun(TestRunner.java:739)<br />
              org.testng.TestRunner.run(TestRunner.java:614)<br />
              org.testng.SuiteRunner.runTest(SuiteRunner.java:421)<br />
              org.testng.SuiteRunner.runSequentially(SuiteRunner.java:413)<br />
              org.testng.SuiteRunner.privateRun(SuiteRunner.java:373)<br />
              org.testng.SuiteRunner.run(SuiteRunner.java:312)<br />
              org.testng.SuiteRunnerWorker.runSuite(SuiteRunnerWorker.java:52)<br />
              org.testng.SuiteRunnerWorker.run(SuiteRunnerWorker.java:95)<br />
              org.testng.TestNG.runSuitesSequentially(TestNG.java:1274)<br />
              org.testng.TestNG.runSuitesLocally(TestNG.java:1208)<br />
              org.testng.TestNG.runSuites(TestNG.java:1112)<br />
              org.testng.TestNG.run(TestNG.java:1079)<br />
              com.intellij.rt.testng.IDEARemoteTestNG.run(IDEARemoteTestNG.java:65)<br />
              com.intellij.rt.testng.RemoteTestNGStarter.main(RemoteTestNGStarter.java:105)<br />
                </div>
      </td>
</tr>
          <tr>
        <td colspan="3" class="group">com.tricentis.demowebshop.testsuite.RegisterPageTest</td>
      </tr>
            
<tr>
  <td class="method">
                  verifyThatUserShouldCreateAccountSuccessfully
      </td>
  <td class="duration">
    61.614s
  </td>
  <td class="result">
        
    
            <div class="testOutput">
                        Get [[ChromeDriver: chrome on windows (5e554b17e4c5c8910c172f1d4b68fb1e)] -&gt; xpath: //a[normalize-space()=&apos;Register&apos;]]<br />
                                get Proxy element for: DefaultElementLocator &apos;By.xpath: //div[contains(text(),&apos;Your registration completed&apos;)]&apos;<br />
                  </div>
    

        <a href="javascript:toggleElement('exception-2', 'block')" title="Click to expand/collapse"><b>org.openqa.selenium.NoSuchElementException: no such element: Unable to locate element: {&quot;method&quot;:&quot;xpath&quot;,&quot;selector&quot;:&quot;//div[contains(text(),&apos;Your registration completed&apos;)]&quot;}<br/>
&nbsp; (Session info: chrome=131.0.6778.109)<br/>
For documentation on this error, please visit: https://www.selenium.dev/documentation/webdriver/troubleshooting/errors#no-such-element-exception<br/>
Build info: version: &apos;4.26.0&apos;, revision: &apos;8ccf0219d7&apos;<br/>
System info: os.name: &apos;Windows 11&apos;, os.arch: &apos;amd64&apos;, os.version: &apos;10.0&apos;, java.version: &apos;17.0.8&apos;<br/>
Driver info: org.openqa.selenium.chrome.ChromeDriver<br/>
Command: [5e554b17e4c5c8910c172f1d4b68fb1e, findElement {using=xpath, value=//div[contains(text(),&apos;Your registration completed&apos;)]}]<br/>
Capabilities {acceptInsecureCerts: false, browserName: chrome, browserVersion: 131.0.6778.109, chrome: {chromedriverVersion: 131.0.6778.108 (3b014839fbc..., userDataDir: C:\Users\pinal\AppData\Loca...}, fedcm:accounts: true, goog:chromeOptions: {debuggerAddress: localhost:62057}, networkConnectionEnabled: false, pageLoadStrategy: normal, platformName: windows, proxy: Proxy(), se:cdp: ws://localhost:62057/devtoo..., se:cdpVersion: 131.0.6778.109, setWindowRect: true, strictFileInteractability: false, timeouts: {implicit: 0, pageLoad: 300000, script: 30000}, unhandledPromptBehavior: dismiss and notify, webauthn:extension:credBlob: true, webauthn:extension:largeBlob: true, webauthn:extension:minPinLength: true, webauthn:extension:prf: true, webauthn:virtualAuthenticators: true}<br/>
Session ID: 5e554b17e4c5c8910c172f1d4b68fb1e</b></a><br />
    <div class="stackTrace" id="exception-2">
              java.base/jdk.internal.reflect.NativeConstructorAccessorImpl.newInstance0(Native Method)<br />
              java.base/jdk.internal.reflect.NativeConstructorAccessorImpl.newInstance(NativeConstructorAccessorImpl.java:77)<br />
              java.base/jdk.internal.reflect.DelegatingConstructorAccessorImpl.newInstance(DelegatingConstructorAccessorImpl.java:45)<br />
              java.base/java.lang.reflect.Constructor.newInstanceWithCaller(Constructor.java:499)<br />
              java.base/java.lang.reflect.Constructor.newInstance(Constructor.java:480)<br />
              org.openqa.selenium.remote.ErrorCodec.decode(ErrorCodec.java:167)<br />
              org.openqa.selenium.remote.codec.w3c.W3CHttpResponseCodec.decode(W3CHttpResponseCodec.java:138)<br />
              org.openqa.selenium.remote.codec.w3c.W3CHttpResponseCodec.decode(W3CHttpResponseCodec.java:50)<br />
              org.openqa.selenium.remote.HttpCommandExecutor.execute(HttpCommandExecutor.java:190)<br />
              org.openqa.selenium.remote.service.DriverCommandExecutor.invokeExecute(DriverCommandExecutor.java:216)<br />
              org.openqa.selenium.remote.service.DriverCommandExecutor.execute(DriverCommandExecutor.java:174)<br />
              org.openqa.selenium.remote.RemoteWebDriver.execute(RemoteWebDriver.java:545)<br />
              org.openqa.selenium.remote.ElementLocation$ElementFinder$2.findElement(ElementLocation.java:165)<br />
              org.openqa.selenium.remote.ElementLocation.findElement(ElementLocation.java:59)<br />
              org.openqa.selenium.remote.RemoteWebDriver.findElement(RemoteWebDriver.java:368)<br />
              org.openqa.selenium.remote.RemoteWebDriver.findElement(RemoteWebDriver.java:362)<br />
              org.openqa.selenium.support.pagefactory.DefaultElementLocator.findElement(DefaultElementLocator.java:68)<br />
              org.openqa.selenium.support.pagefactory.internal.LocatingElementHandler.invoke(LocatingElementHandler.java:38)<br />
              jdk.proxy2/jdk.proxy2.$Proxy16.getText(Unknown Source)<br />
              com.tricentis.demowebshop.utility.Utility.getTextFromElement(Utility.java:62)<br />
              com.tricentis.demowebshop.pages.RegisterResultPage.getRegisterMessageRequired(RegisterResultPage.java:21)<br />
              com.tricentis.demowebshop.testsuite.RegisterPageTest.verifyThatUserShouldCreateAccountSuccessfully(RegisterPageTest.java:105)<br />
              java.base/jdk.internal.reflect.NativeMethodAccessorImpl.invoke0(Native Method)<br />
              java.base/jdk.internal.reflect.NativeMethodAccessorImpl.invoke(NativeMethodAccessorImpl.java:77)<br />
              java.base/jdk.internal.reflect.DelegatingMethodAccessorImpl.invoke(DelegatingMethodAccessorImpl.java:43)<br />
              java.base/java.lang.reflect.Method.invoke(Method.java:568)<br />
              org.testng.internal.invokers.MethodInvocationHelper.invokeMethod(MethodInvocationHelper.java:141)<br />
              org.testng.internal.invokers.TestInvoker.invokeMethod(TestInvoker.java:686)<br />
              org.testng.internal.invokers.TestInvoker.invokeTestMethod(TestInvoker.java:230)<br />
              org.testng.internal.invokers.MethodRunner.runInSequence(MethodRunner.java:63)<br />
              org.testng.internal.invokers.TestInvoker$MethodInvocationAgent.invoke(TestInvoker.java:992)<br />
              org.testng.internal.invokers.TestInvoker.invokeTestMethods(TestInvoker.java:203)<br />
              org.testng.internal.invokers.TestMethodWorker.invokeTestMethods(TestMethodWorker.java:154)<br />
              org.testng.internal.invokers.TestMethodWorker.run(TestMethodWorker.java:134)<br />
              java.base/java.util.ArrayList.forEach(ArrayList.java:1511)<br />
              org.testng.TestRunner.privateRun(TestRunner.java:739)<br />
              org.testng.TestRunner.run(TestRunner.java:614)<br />
              org.testng.SuiteRunner.runTest(SuiteRunner.java:421)<br />
              org.testng.SuiteRunner.runSequentially(SuiteRunner.java:413)<br />
              org.testng.SuiteRunner.privateRun(SuiteRunner.java:373)<br />
              org.testng.SuiteRunner.run(SuiteRunner.java:312)<br />
              org.testng.SuiteRunnerWorker.runSuite(SuiteRunnerWorker.java:52)<br />
              org.testng.SuiteRunnerWorker.run(SuiteRunnerWorker.java:95)<br />
              org.testng.TestNG.runSuitesSequentially(TestNG.java:1274)<br />
              org.testng.TestNG.runSuitesLocally(TestNG.java:1208)<br />
              org.testng.TestNG.runSuites(TestNG.java:1112)<br />
              org.testng.TestNG.run(TestNG.java:1079)<br />
              com.intellij.rt.testng.IDEARemoteTestNG.run(IDEARemoteTestNG.java:65)<br />
              com.intellij.rt.testng.RemoteTestNGStarter.main(RemoteTestNGStarter.java:105)<br />
                </div>
      </td>
</tr>
      </table>


  <table class="resultsTable">
    <tr><th colspan="3" class="header passed">Passed Tests</th></tr>
          <tr>
        <td colspan="3" class="group">com.tricentis.demowebshop.testsuite.ComputerPageTest</td>
      </tr>
            
<tr>
  <td class="method">
                  verifyUserShouldNavigateToComputerPageSuccessfully
      </td>
  <td class="duration">
    0.534s
  </td>
  <td class="result">
        
    
            <div class="testOutput">
                        Get [[ChromeDriver: chrome on windows (51f68e308abfb83098a1c3fc8f3ce043)] -&gt; xpath: //div[@class=&apos;header-menu&apos;]/ul[1]/li[2]/a]<br />
                                get [[ChromeDriver: chrome on windows (51f68e308abfb83098a1c3fc8f3ce043)] -&gt; xpath: //h1[normalize-space()=&apos;Computers&apos;]]<br />
                  </div>
    

      </td>
</tr>
<tr>
  <td class="method">
                  verifyUserShouldNavigateToDesktopsPageSuccessfully
      </td>
  <td class="duration">
    1.018s
  </td>
  <td class="result">
        
    
            <div class="testOutput">
                        Get [[ChromeDriver: chrome on windows (db68b529b0b5a7c714e325a0c049138d)] -&gt; xpath: //div[@class=&apos;header-menu&apos;]/ul[1]/li[2]/a]<br />
                                Get [[ChromeDriver: chrome on windows (db68b529b0b5a7c714e325a0c049138d)] -&gt; xpath: //img[@title=&apos;Show products in category Desktops&apos;]]<br />
                                get [[ChromeDriver: chrome on windows (db68b529b0b5a7c714e325a0c049138d)] -&gt; xpath: //h1[normalize-space()=&apos;Desktops&apos;]]<br />
                  </div>
    

      </td>
</tr>
          <tr>
        <td colspan="3" class="group">com.tricentis.demowebshop.testsuite.LoginPageTest</td>
      </tr>
            
<tr>
  <td class="method">
                  userShouldNavigateToLoginPageSuccessFully
      </td>
  <td class="duration">
    3.358s
  </td>
  <td class="result">
        
    
            <div class="testOutput">
                        Get [[ChromeDriver: chrome on windows (2dccdd2e8ca632c95eaf85bb6e8d3eaa)] -&gt; xpath: //a[normalize-space()=&apos;Log in&apos;]]<br />
                                get [[ChromeDriver: chrome on windows (2dccdd2e8ca632c95eaf85bb6e8d3eaa)] -&gt; xpath: //h1[normalize-space()=&apos;Welcome, Please Sign In!&apos;]]<br />
                  </div>
    

      </td>
</tr>
<tr>
  <td class="method">
                  verifyThatUserShouldLogInSuccessFullyWithValidCredentials
      </td>
  <td class="duration">
    4.050s
  </td>
  <td class="result">
        
    
            <div class="testOutput">
                        Get [[ChromeDriver: chrome on windows (2958f364cec3ce2759c57144ef20399c)] -&gt; xpath: //a[normalize-space()=&apos;Log in&apos;]]<br />
                                get [[ChromeDriver: chrome on windows (2958f364cec3ce2759c57144ef20399c)] -&gt; xpath: //a[normalize-space()=&apos;Log out&apos;]]<br />
                  </div>
    

      </td>
</tr>
<tr>
  <td class="method">
                  verifyTheErrorMessageWithInValidCredentials
      </td>
  <td class="duration">
    3.913s
  </td>
  <td class="result">
        
    
            <div class="testOutput">
                        Get [[ChromeDriver: chrome on windows (9cbe7d329b68ea3e8148493f8130b705)] -&gt; xpath: //a[normalize-space()=&apos;Log in&apos;]]<br />
                  </div>
    

      </td>
</tr>
          <tr>
        <td colspan="3" class="group">com.tricentis.demowebshop.testsuite.RegisterPageTest</td>
      </tr>
            
<tr>
  <td class="method">
                  verifyThatFirstNameLastNameEmailPasswordAndConfirmPasswordFieldsAreMandatory
      </td>
  <td class="duration">
    0.697s
  </td>
  <td class="result">
        
    
            <div class="testOutput">
                        Get [[ChromeDriver: chrome on windows (4dbf9c3eeb6af69eaf04044c23de2b84)] -&gt; xpath: //a[normalize-space()=&apos;Register&apos;]]<br />
                                get [[ChromeDriver: chrome on windows (4dbf9c3eeb6af69eaf04044c23de2b84)] -&gt; xpath: //span[@for=&apos;FirstName&apos;]]<br />
                                get [[ChromeDriver: chrome on windows (4dbf9c3eeb6af69eaf04044c23de2b84)] -&gt; xpath: //span[@for=&apos;LastName&apos;]]<br />
                                get [[ChromeDriver: chrome on windows (4dbf9c3eeb6af69eaf04044c23de2b84)] -&gt; xpath: //span[@for=&apos;Email&apos;]]<br />
                                get [[ChromeDriver: chrome on windows (4dbf9c3eeb6af69eaf04044c23de2b84)] -&gt; xpath: //span[@for=&apos;Password&apos;]]<br />
                                get [[ChromeDriver: chrome on windows (4dbf9c3eeb6af69eaf04044c23de2b84)] -&gt; xpath: //span[@for=&apos;ConfirmPassword&apos;]]<br />
                  </div>
    

      </td>
</tr>
<tr>
  <td class="method">
                  verifyUserShouldNavigateToRegisterPageSuccessfully
      </td>
  <td class="duration">
    0.389s
  </td>
  <td class="result">
        
    
            <div class="testOutput">
                        Get [[ChromeDriver: chrome on windows (76b5c51750b3a0340d176af8360356a9)] -&gt; xpath: //a[normalize-space()=&apos;Register&apos;]]<br />
                                get [[ChromeDriver: chrome on windows (76b5c51750b3a0340d176af8360356a9)] -&gt; xpath: //h1[normalize-space()=&apos;Register&apos;]]<br />
                  </div>
    

      </td>
</tr>
      </table>
  
</body>
</html>
